#########################BEGIN-PROLOG#########################
JobId             = 1527246
JobName           = NaBindingSubmit.slurm
UserId            = wud18(20279)
GroupId           = wud18(20279)
MCS_label         = N/A
Priority          = 122
Nice              = 0
Account           = salsburygrp
QOS               = normal
Requeue           = 1
Restarts          = 0
BatchFlag         = 1
Reboot            = 0
ExitCode          = 0:0
RunTime           = 00:00:01
TimeLimit         = 7-00:00:00
TimeMin           = N/A
SubmitTime        = 2022-03-13T15:55:47
EligibleTime      = 2022-03-13T15:55:47
AccrueTime        = 2022-03-13T15:55:47
StartTime         = 2022-03-13T15:55:48
EndTime           = 2022-03-20T15:55:48
Deadline          = N/A
Partition         = medium
AllocNode:Sid     = usb-gpu-01:20818
NodeList          = comp-23-4
BatchHost         = comp-23-4
NumNodes          = 1
NumCPUs           = 1
NumTasks          = 1
CPUs/Task         = 1
ReqB:S:C:T        = 0:0:*:*
TRES=cpu=1,mem=128G,node=1,billing= cpu=1,mem=128G,node=1,billing=1
Socks/Node        = *
NtasksPerN:B:S:C  = 1:0:*:*
CoreSpec          = *
MinCPUsNode       = 1
MinMemoryNode     = 128G
MinTmpDiskNode    = 0
Command           = /home/wud18/bash/NaBindingSubmit.slurm
WorkDir           = /deac/phy/salsburyGrp/wud18/md/TM/TM56_Na0.125/Distance/dist_Na_closest_mean_262_274
StdErr            = /deac/phy/salsburyGrp/wud18/md/TM/TM56_Na0.125/Distance/dist_Na_closest_mean_262_274/slurm-1527246.out
StdOut            = /deac/phy/salsburyGrp/wud18/md/TM/TM56_Na0.125/Distance/dist_Na_closest_mean_262_274/slurm-1527246.out
Power             = 
NtasksPerTRES:0   = NtasksPerTRES:0
###########################END-PROLOG#########################
sed: can't read .bash_profile_revise: No such file or directory
sed: can't read .bash_profile_revise: No such file or directory
sed: can't read .bash_profile_revise: No such file or directory
sed: can't read .bash_profile_revise: No such file or directory
sed: can't read .bash_profile_revise: No such file or directory
sed: can't read .bash_profile_revise: No such file or directory
sed: can't read .bash_profile_revise: No such file or directory
amd-python/  bash/  github/  install/  jobs/  python/  useless/  vmd/
   PID TTY          TIME CMD
173514 ?        00:00:00 slurm_script
173700 ?        00:00:00 ps
amd-python/  bash/  github/  install/  jobs/  python/  useless/  vmd/
/deac/salsburyGrp/wud18/install/anaconda3/envs/py36/lib/python3.6/site-packages/Bio/KDTree/__init__.py:25: BiopythonDeprecationWarning: Bio.KDTree has been deprecated, and we intend to remove it in a future release of Biopython. Please use Bio.PDB.kdtrees instead, which is functionally very similar.
  BiopythonDeprecationWarning)
/deac/salsburyGrp/wud18/install/anaconda3/envs/py36/lib/python3.6/site-packages/MDAnalysis/due.py:88: UserWarning: No module named 'mock'
  warnings.warn(str(err))
Make sure to use the absolute path for output directory(-o)
